<?xml version="1.0" encoding="UTF-8"?>
<testsuite xmlns:xsi="http://www.w3.org/2001/XMLSchema-instance" xsi:noNamespaceSchemaLocation="https://maven.apache.org/surefire/maven-surefire-plugin/xsd/surefire-test-report.xsd" name="testrunner.TestRunner" time="0.466" tests="11" errors="0" skipped="11" failures="0">
  <properties>
[...]
</properties>
  <testcase name="Successfull sing-up" classname="This feature is about creating new account in the system" time="0">
    <skipped message="The step &quot;I have opened homepage&quot; is undefined"/>
  </testcase>
  <testcase name="Successfull sing-up" classname="This feature is about creating new account in the system" time="0">
    <skipped message="The step &quot;I select My account menu&quot; is undefined"/>
  </testcase>
  <testcase name="Successfull sing-up" classname="This feature is about creating new account in the system" time="0">
    <skipped message="The step &quot;I select Sign up button&quot; is undefined"/>
  </testcase>
  <testcase name="Successfull sing-up" classname="This feature is about creating new account in the system" time="0">
    <skipped message="The step &quot;I enter First name&quot; is undefined"/>
  </testcase>
  <testcase name="Successfull sing-up" classname="This feature is about creating new account in the system" time="0">
    <skipped message="The step &quot;I enter Last name&quot; is undefined"/>
  </testcase>
  <testcase name="Successfull sing-up" classname="This feature is about creating new account in the system" time="0">
    <skipped message="The step &quot;I eneter Mobile number&quot; is undefined"/>
  </testcase>
  <testcase name="Successfull sing-up" classname="This feature is about creating new account in the system" time="0">
    <skipped message="The step &quot;I enter Email address&quot; is undefined"/>
  </testcase>
  <testcase name="Successfull sing-up" classname="This feature is about creating new account in the system" time="0">
    <skipped message="The step &quot;I enter Password&quot; is undefined"/>
  </testcase>
  <testcase name="Successfull sing-up" classname="This feature is about creating new account in the system" time="0">
    <skipped message="The step &quot;I confirm Password&quot; is undefined"/>
  </testcase>
  <testcase name="Successfull sing-up" classname="This feature is about creating new account in the system" time="0">
    <skipped message="The step &quot;I select Sign up button&quot; is undefined"/>
  </testcase>
  <testcase name="Successfull sing-up" classname="This feature is about creating new account in the system" time="0">
    <skipped message="The step &quot;user account page is opened&quot; is undefined"/>
  </testcase>
</testsuite>